gps_coordinates/app/build/intermediates/manifest_merge_blame_file/debug/manifest-merger-blame-debug-report.txt
1<?xml version="1.0" encoding="utf-8"?>
2<manifest xmlns:android="http://schemas.android.com/apk/res/android"
3    package="com.example.gps_coordinates"
4    android:versionCode="1"
5    android:versionName="1.0" >
6
7    <uses-sdk
8        android:minSdkVersion="21"
8-->src\main\AndroidManifest.xml
9        android:targetSdkVersion="32" />
9-->src\main\AndroidManifest.xml
10
11    <uses-permission android:name="android.permission.ACCESS_FINE_LOCATION" />
11-->src\main\AndroidManifest.xml:5:5-79
11-->src\main\AndroidManifest.xml:5:22-76
12    <uses-permission android:name="android.permission.ACCESS_COARSE_LOCATION" />
12-->src\main\AndroidManifest.xml:6:5-81
12-->src\main\AndroidManifest.xml:6:22-78
13    <uses-permission android:name="android.permission.INTERNET" />
13-->src\main\AndroidManifest.xml:7:5-66
13-->src\main\AndroidManifest.xml:7:22-64
14    <uses-permission android:name="android.permission.ACCESS_NETWORK_STATE" />
14-->src\main\AndroidManifest.xml:8:5-78
14-->src\main\AndroidManifest.xml:8:22-76
15    <uses-permission android:name="android.permission.WRITE_EXTERNAL_STORAGE" />
15-->src\main\AndroidManifest.xml:9:5-80
15-->src\main\AndroidManifest.xml:9:22-78
16
17    <supports-screens
17-->[org.osmdroid:osmdroid-android:6.0.2] AndroidManifest.xml:11:5-14:40
18        android:anyDensity="true"
18-->[org.osmdroid:osmdroid-android:6.0.2] AndroidManifest.xml:12:9-34
19        android:largeScreens="true"
19-->[org.osmdroid:osmdroid-android:6.0.2] AndroidManifest.xml:13:9-36
20        android:normalScreens="true" />
20-->[org.osmdroid:osmdroid-android:6.0.2] AndroidManifest.xml:14:9-37
21
22    <uses-feature
22-->[org.osmdroid:osmdroid-android:6.0.2] AndroidManifest.xml:16:5-18:36
23        android:name="android.hardware.location.network"
23-->[org.osmdroid:osmdroid-android:6.0.2] AndroidManifest.xml:17:9-57
24        android:required="false" />
24-->[org.osmdroid:osmdroid-android:6.0.2] AndroidManifest.xml:18:9-33
25    <uses-feature
25-->[org.osmdroid:osmdroid-android:6.0.2] AndroidManifest.xml:19:5-21:36
26        android:name="android.hardware.location.gps"
26-->[org.osmdroid:osmdroid-android:6.0.2] AndroidManifest.xml:20:9-53
27        android:required="false" />
27-->[org.osmdroid:osmdroid-android:6.0.2] AndroidManifest.xml:21:9-33
28    <uses-feature
28-->[org.osmdroid:osmdroid-android:6.0.2] AndroidManifest.xml:22:5-24:36
29        android:name="android.hardware.telephony"
29-->[org.osmdroid:osmdroid-android:6.0.2] AndroidManifest.xml:23:9-50
30        android:required="false" />
30-->[org.osmdroid:osmdroid-android:6.0.2] AndroidManifest.xml:24:9-33
31    <uses-feature
31-->[org.osmdroid:osmdroid-android:6.0.2] AndroidManifest.xml:25:5-27:36
32        android:name="android.hardware.wifi"
32-->[org.osmdroid:osmdroid-android:6.0.2] AndroidManifest.xml:26:9-45
33        android:required="false" />
33-->[org.osmdroid:osmdroid-android:6.0.2] AndroidManifest.xml:27:9-33
34
35    <application
35-->src\main\AndroidManifest.xml:11:5-51:19
36        android:allowBackup="true"
36-->src\main\AndroidManifest.xml:12:9-35
37        android:appComponentFactory="androidx.core.app.CoreComponentFactory"
37-->[androidx.core:core:1.8.0] AndroidManifest.xml:24:18-86
38        android:dataExtractionRules="@xml/data_extraction_rules"
38-->src\main\AndroidManifest.xml:13:9-65
39        android:debuggable="true"
40        android:fullBackupContent="@xml/backup_rules"
40-->src\main\AndroidManifest.xml:14:9-54
41        android:icon="@mipmap/ic_launcher"
41-->src\main\AndroidManifest.xml:15:9-43
42        android:label="@string/app_name"
42-->src\main\AndroidManifest.xml:16:9-41
43        android:roundIcon="@mipmap/ic_launcher_round"
43-->src\main\AndroidManifest.xml:17:9-54
44        android:supportsRtl="true"
44-->src\main\AndroidManifest.xml:18:9-35
45        android:testOnly="true"
46        android:theme="@style/Theme.Gps_coordinates" >
46-->src\main\AndroidManifest.xml:19:9-53
47        <activity
47-->src\main\AndroidManifest.xml:21:9-30:20
48            android:name="com.example.gps_coordinates.activities.RunActivity"
48-->src\main\AndroidManifest.xml:22:13-51
49            android:exported="false"
49-->src\main\AndroidManifest.xml:23:13-37
50            android:screenOrientation="portrait"
50-->src\main\AndroidManifest.xml:24:13-49
51            android:theme="@style/Theme.Design.NoActionBar" >
51-->src\main\AndroidManifest.xml:25:13-60
52            <meta-data
52-->src\main\AndroidManifest.xml:27:13-29:36
53                android:name="android.app.lib_name"
53-->src\main\AndroidManifest.xml:28:17-52
54                android:value="" />
54-->src\main\AndroidManifest.xml:29:17-33
55        </activity>
56        <activity
56-->src\main\AndroidManifest.xml:31:9-37:20
57            android:name="com.example.gps_coordinates.activities.GraphActivity"
57-->src\main\AndroidManifest.xml:32:13-53
58            android:exported="false" >
58-->src\main\AndroidManifest.xml:33:13-37
59            <meta-data
59-->src\main\AndroidManifest.xml:27:13-29:36
60                android:name="android.app.lib_name"
60-->src\main\AndroidManifest.xml:28:17-52
61                android:value="" />
61-->src\main\AndroidManifest.xml:29:17-33
62        </activity>
63        <activity
63-->src\main\AndroidManifest.xml:38:9-50:20
64            android:name="com.example.gps_coordinates.MainActivity"
64-->src\main\AndroidManifest.xml:39:13-41
65            android:exported="true" >
65-->src\main\AndroidManifest.xml:40:13-36
66            <intent-filter>
66-->src\main\AndroidManifest.xml:41:13-45:29
67                <action android:name="android.intent.action.MAIN" />
67-->src\main\AndroidManifest.xml:42:17-69
67-->src\main\AndroidManifest.xml:42:25-66
68
69                <category android:name="android.intent.category.LAUNCHER" />
69-->src\main\AndroidManifest.xml:44:17-77
69-->src\main\AndroidManifest.xml:44:27-74
70            </intent-filter>
71
72            <meta-data
72-->src\main\AndroidManifest.xml:27:13-29:36
73                android:name="android.app.lib_name"
73-->src\main\AndroidManifest.xml:28:17-52
74                android:value="" />
74-->src\main\AndroidManifest.xml:29:17-33
75        </activity>
76
77        <provider
77-->[androidx.emoji2:emoji2:1.2.0] AndroidManifest.xml:24:9-32:20
78            android:name="androidx.startup.InitializationProvider"
78-->[androidx.emoji2:emoji2:1.2.0] AndroidManifest.xml:25:13-67
79            android:authorities="com.example.gps_coordinates.androidx-startup"
79-->[androidx.emoji2:emoji2:1.2.0] AndroidManifest.xml:26:13-68
80            android:exported="false" >
80-->[androidx.emoji2:emoji2:1.2.0] AndroidManifest.xml:27:13-37
81            <meta-data
81-->[androidx.emoji2:emoji2:1.2.0] AndroidManifest.xml:29:13-31:52
82                android:name="androidx.emoji2.text.EmojiCompatInitializer"
82-->[androidx.emoji2:emoji2:1.2.0] AndroidManifest.xml:30:17-75
83                android:value="androidx.startup" />
83-->[androidx.emoji2:emoji2:1.2.0] AndroidManifest.xml:31:17-49
84            <meta-data
84-->[androidx.lifecycle:lifecycle-process:2.4.1] AndroidManifest.xml:31:13-33:52
85                android:name="androidx.lifecycle.ProcessLifecycleInitializer"
85-->[androidx.lifecycle:lifecycle-process:2.4.1] AndroidManifest.xml:32:17-78
86                android:value="androidx.startup" />
86-->[androidx.lifecycle:lifecycle-process:2.4.1] AndroidManifest.xml:33:17-49
87        </provider>
88    </application>
89
90</manifest>